make.exe --dry-run --keep-going --print-directory
make: Entering directory 'c:/Users/World/Desktop/ssh-first/24-Interview-1'
windows build for platform vexv5
 
md "build/src" 2> nul || :
echo "CXX src/PID.cpp"
clang -target thumbv7-none-eabi -fshort-enums -Wno-unknown-attributes -U__INT32_TYPE__ -U__UINT32_TYPE__ -D__INT32_TYPE__=long -D__UINT32_TYPE__='unsigned long'  -march=armv7-a -mfpu=neon -mfloat-abi=softfp -Os -Wall -Werror=return-type -fno-rtti -fno-threadsafe-statics -fno-exceptions  -std=gnu++11 -ffunction-sections -fdata-sections -DVexV5 -Iinclude -I"/sdk/vexv5/include" -I"/sdk/vexv5/clang/8.0.0/include" -I"/sdk/vexv5/gcc/include/c++/4.9.3"  -I"/sdk/vexv5/gcc/include/c++/4.9.3/arm-none-eabi/armv7-ar/thumb" -I"/sdk/vexv5/gcc/include" -c -o build/src/PID.o src/PID.cpp
 
md "build/src" 2> nul || :
echo "CXX src/auto-functions.cpp"
clang -target thumbv7-none-eabi -fshort-enums -Wno-unknown-attributes -U__INT32_TYPE__ -U__UINT32_TYPE__ -D__INT32_TYPE__=long -D__UINT32_TYPE__='unsigned long'  -march=armv7-a -mfpu=neon -mfloat-abi=softfp -Os -Wall -Werror=return-type -fno-rtti -fno-threadsafe-statics -fno-exceptions  -std=gnu++11 -ffunction-sections -fdata-sections -DVexV5 -Iinclude -I"/sdk/vexv5/include" -I"/sdk/vexv5/clang/8.0.0/include" -I"/sdk/vexv5/gcc/include/c++/4.9.3"  -I"/sdk/vexv5/gcc/include/c++/4.9.3/arm-none-eabi/armv7-ar/thumb" -I"/sdk/vexv5/gcc/include" -c -o build/src/auto-functions.o src/auto-functions.cpp
md "build/src" 2> nul || :
echo "CXX src/basic-functions.cpp"
clang -target thumbv7-none-eabi -fshort-enums -Wno-unknown-attributes -U__INT32_TYPE__ -U__UINT32_TYPE__ -D__INT32_TYPE__=long -D__UINT32_TYPE__='unsigned long'  -march=armv7-a -mfpu=neon -mfloat-abi=softfp -Os -Wall -Werror=return-type -fno-rtti -fno-threadsafe-statics -fno-exceptions  -std=gnu++11 -ffunction-sections -fdata-sections -DVexV5 -Iinclude -I"/sdk/vexv5/include" -I"/sdk/vexv5/clang/8.0.0/include" -I"/sdk/vexv5/gcc/include/c++/4.9.3"  -I"/sdk/vexv5/gcc/include/c++/4.9.3/arm-none-eabi/armv7-ar/thumb" -I"/sdk/vexv5/gcc/include" -c -o build/src/basic-functions.o src/basic-functions.cpp
md "build/src" 2> nul || :
echo "CXX src/calc.cpp"
clang -target thumbv7-none-eabi -fshort-enums -Wno-unknown-attributes -U__INT32_TYPE__ -U__UINT32_TYPE__ -D__INT32_TYPE__=long -D__UINT32_TYPE__='unsigned long'  -march=armv7-a -mfpu=neon -mfloat-abi=softfp -Os -Wall -Werror=return-type -fno-rtti -fno-threadsafe-statics -fno-exceptions  -std=gnu++11 -ffunction-sections -fdata-sections -DVexV5 -Iinclude -I"/sdk/vexv5/include" -I"/sdk/vexv5/clang/8.0.0/include" -I"/sdk/vexv5/gcc/include/c++/4.9.3"  -I"/sdk/vexv5/gcc/include/c++/4.9.3/arm-none-eabi/armv7-ar/thumb" -I"/sdk/vexv5/gcc/include" -c -o build/src/calc.o src/calc.cpp
md "build/src" 2> nul || :
echo "CXX src/chassis.cpp"
clang -target thumbv7-none-eabi -fshort-enums -Wno-unknown-attributes -U__INT32_TYPE__ -U__UINT32_TYPE__ -D__INT32_TYPE__=long -D__UINT32_TYPE__='unsigned long'  -march=armv7-a -mfpu=neon -mfloat-abi=softfp -Os -Wall -Werror=return-type -fno-rtti -fno-threadsafe-statics -fno-exceptions  -std=gnu++11 -ffunction-sections -fdata-sections -DVexV5 -Iinclude -I"/sdk/vexv5/include" -I"/sdk/vexv5/clang/8.0.0/include" -I"/sdk/vexv5/gcc/include/c++/4.9.3"  -I"/sdk/vexv5/gcc/include/c++/4.9.3/arm-none-eabi/armv7-ar/thumb" -I"/sdk/vexv5/gcc/include" -c -o build/src/chassis.o src/chassis.cpp
md "build/src" 2> nul || :
echo "CXX src/controller.cpp"
clang -target thumbv7-none-eabi -fshort-enums -Wno-unknown-attributes -U__INT32_TYPE__ -U__UINT32_TYPE__ -D__INT32_TYPE__=long -D__UINT32_TYPE__='unsigned long'  -march=armv7-a -mfpu=neon -mfloat-abi=softfp -Os -Wall -Werror=return-type -fno-rtti -fno-threadsafe-statics -fno-exceptions  -std=gnu++11 -ffunction-sections -fdata-sections -DVexV5 -Iinclude -I"/sdk/vexv5/include" -I"/sdk/vexv5/clang/8.0.0/include" -I"/sdk/vexv5/gcc/include/c++/4.9.3"  -I"/sdk/vexv5/gcc/include/c++/4.9.3/arm-none-eabi/armv7-ar/thumb" -I"/sdk/vexv5/gcc/include" -c -o build/src/controller.o src/controller.cpp
 
md "build/src" 2> nul || :
echo "CXX src/debugger.cpp"
clang -target thumbv7-none-eabi -fshort-enums -Wno-unknown-attributes -U__INT32_TYPE__ -U__UINT32_TYPE__ -D__INT32_TYPE__=long -D__UINT32_TYPE__='unsigned long'  -march=armv7-a -mfpu=neon -mfloat-abi=softfp -Os -Wall -Werror=return-type -fno-rtti -fno-threadsafe-statics -fno-exceptions  -std=gnu++11 -ffunction-sections -fdata-sections -DVexV5 -Iinclude -I"/sdk/vexv5/include" -I"/sdk/vexv5/clang/8.0.0/include" -I"/sdk/vexv5/gcc/include/c++/4.9.3"  -I"/sdk/vexv5/gcc/include/c++/4.9.3/arm-none-eabi/armv7-ar/thumb" -I"/sdk/vexv5/gcc/include" -c -o build/src/debugger.o src/debugger.cpp
md "build/src" 2> nul || :
echo "CXX src/geometry.cpp"
clang -target thumbv7-none-eabi -fshort-enums -Wno-unknown-attributes -U__INT32_TYPE__ -U__UINT32_TYPE__ -D__INT32_TYPE__=long -D__UINT32_TYPE__='unsigned long'  -march=armv7-a -mfpu=neon -mfloat-abi=softfp -Os -Wall -Werror=return-type -fno-rtti -fno-threadsafe-statics -fno-exceptions  -std=gnu++11 -ffunction-sections -fdata-sections -DVexV5 -Iinclude -I"/sdk/vexv5/include" -I"/sdk/vexv5/clang/8.0.0/include" -I"/sdk/vexv5/gcc/include/c++/4.9.3"  -I"/sdk/vexv5/gcc/include/c++/4.9.3/arm-none-eabi/armv7-ar/thumb" -I"/sdk/vexv5/gcc/include" -c -o build/src/geometry.o src/geometry.cpp
md "build/src" 2> nul || :
echo "CXX src/main.cpp"
clang -target thumbv7-none-eabi -fshort-enums -Wno-unknown-attributes -U__INT32_TYPE__ -U__UINT32_TYPE__ -D__INT32_TYPE__=long -D__UINT32_TYPE__='unsigned long'  -march=armv7-a -mfpu=neon -mfloat-abi=softfp -Os -Wall -Werror=return-type -fno-rtti -fno-threadsafe-statics -fno-exceptions  -std=gnu++11 -ffunction-sections -fdata-sections -DVexV5 -Iinclude -I"/sdk/vexv5/include" -I"/sdk/vexv5/clang/8.0.0/include" -I"/sdk/vexv5/gcc/include/c++/4.9.3"  -I"/sdk/vexv5/gcc/include/c++/4.9.3/arm-none-eabi/armv7-ar/thumb" -I"/sdk/vexv5/gcc/include" -c -o build/src/main.o src/main.cpp
md "build/src" 2> nul || :
echo "CXX src/my-timer.cpp"
clang -target thumbv7-none-eabi -fshort-enums -Wno-unknown-attributes -U__INT32_TYPE__ -U__UINT32_TYPE__ -D__INT32_TYPE__=long -D__UINT32_TYPE__='unsigned long'  -march=armv7-a -mfpu=neon -mfloat-abi=softfp -Os -Wall -Werror=return-type -fno-rtti -fno-threadsafe-statics -fno-exceptions  -std=gnu++11 -ffunction-sections -fdata-sections -DVexV5 -Iinclude -I"/sdk/vexv5/include" -I"/sdk/vexv5/clang/8.0.0/include" -I"/sdk/vexv5/gcc/include/c++/4.9.3"  -I"/sdk/vexv5/gcc/include/c++/4.9.3/arm-none-eabi/armv7-ar/thumb" -I"/sdk/vexv5/gcc/include" -c -o build/src/my-timer.o src/my-timer.cpp
md "build/src" 2> nul || :
echo "CXX src/position.cpp"
clang -target thumbv7-none-eabi -fshort-enums -Wno-unknown-attributes -U__INT32_TYPE__ -U__UINT32_TYPE__ -D__INT32_TYPE__=long -D__UINT32_TYPE__='unsigned long'  -march=armv7-a -mfpu=neon -mfloat-abi=softfp -Os -Wall -Werror=return-type -fno-rtti -fno-threadsafe-statics -fno-exceptions  -std=gnu++11 -ffunction-sections -fdata-sections -DVexV5 -Iinclude -I"/sdk/vexv5/include" -I"/sdk/vexv5/clang/8.0.0/include" -I"/sdk/vexv5/gcc/include/c++/4.9.3"  -I"/sdk/vexv5/gcc/include/c++/4.9.3/arm-none-eabi/armv7-ar/thumb" -I"/sdk/vexv5/gcc/include" -c -o build/src/position.o src/position.cpp
 
md "build/src" 2> nul || :
echo "CXX src/robot-config.cpp"
clang -target thumbv7-none-eabi -fshort-enums -Wno-unknown-attributes -U__INT32_TYPE__ -U__UINT32_TYPE__ -D__INT32_TYPE__=long -D__UINT32_TYPE__='unsigned long'  -march=armv7-a -mfpu=neon -mfloat-abi=softfp -Os -Wall -Werror=return-type -fno-rtti -fno-threadsafe-statics -fno-exceptions  -std=gnu++11 -ffunction-sections -fdata-sections -DVexV5 -Iinclude -I"/sdk/vexv5/include" -I"/sdk/vexv5/clang/8.0.0/include" -I"/sdk/vexv5/gcc/include/c++/4.9.3"  -I"/sdk/vexv5/gcc/include/c++/4.9.3/arm-none-eabi/armv7-ar/thumb" -I"/sdk/vexv5/gcc/include" -c -o build/src/robot-config.o src/robot-config.cpp
md "build/src" 2> nul || :
echo "CXX src/usercontrol.cpp"
clang -target thumbv7-none-eabi -fshort-enums -Wno-unknown-attributes -U__INT32_TYPE__ -U__UINT32_TYPE__ -D__INT32_TYPE__=long -D__UINT32_TYPE__='unsigned long'  -march=armv7-a -mfpu=neon -mfloat-abi=softfp -Os -Wall -Werror=return-type -fno-rtti -fno-threadsafe-statics -fno-exceptions  -std=gnu++11 -ffunction-sections -fdata-sections -DVexV5 -Iinclude -I"/sdk/vexv5/include" -I"/sdk/vexv5/clang/8.0.0/include" -I"/sdk/vexv5/gcc/include/c++/4.9.3"  -I"/sdk/vexv5/gcc/include/c++/4.9.3/arm-none-eabi/armv7-ar/thumb" -I"/sdk/vexv5/gcc/include" -c -o build/src/usercontrol.o src/usercontrol.cpp
echo "LINK build/24-Interview-1.elf"
arm-none-eabi-ld -nostdlib -T "/sdk/vexv5/lscript.ld" -R "/sdk/vexv5/stdlib_0.lib" -Map="build/24-Interview-1.map" --gc-section -L"/sdk/vexv5" -L"/sdk/vexv5/gcc/libs" -o build/24-Interview-1.elf build/src/PID.o build/src/auto-functions.o build/src/basic-functions.o build/src/calc.o build/src/chassis.o build/src/controller.o build/src/debugger.o build/src/geometry.o build/src/main.o build/src/my-timer.o build/src/position.o build/src/robot-config.o build/src/usercontrol.o --start-group -lv5rt -lstdc++ -lc -lm -lgcc --end-group
arm-none-eabi-size build/24-Interview-1.elf
arm-none-eabi-objcopy -O binary build/24-Interview-1.elf build/24-Interview-1.bin
make: Leaving directory 'c:/Users/World/Desktop/ssh-first/24-Interview-1'
 
