make.exe all --print-data-base --no-builtin-variables --no-builtin-rules --question
windows build for platform vexv5
 
# GNU Make 4.4.1
# Built for x86_64-w64-mingw32
# Copyright (C) 1988-2023 Free Software Foundation, Inc.
# License GPLv3+: GNU GPL version 3 or later <https://gnu.org/licenses/gpl.html>
# This is free software: you are free to change and redistribute it.
# There is NO WARRANTY, to the extent permitted by law.

# Make data base, printed on Sat Sep 28 07:36:13 2024

# Variables

# environment
FPS_BROWSER_APP_PROFILE_STRING = Internet Explorer
# environment
SYSTEMDRIVE = C:
# makefile (from 'makefile', line 15)
OBJ = $(addprefix $(BUILD)/, $(addsuffix .o, $(basename $(SRC_C))) )
# environment
LC_ALL = C
# makefile (from 'makefile', line 21)
SRC_A = makefile
# environment
USERPROFILE = C:\Users\World
# makefile (from 'makefile', line 13)
SRC_C = $(wildcard src/*.cpp)  $(wildcard src/*.c) $(wildcard src/*/*.cpp)  $(wildcard src/*/*.c)
# makefile (from 'vex/mkenv.mk', line 66)
LINK = arm-none-eabi-ld
# environment
LOCALAPPDATA = C:\Users\World\AppData\Local
# environment
VSCODE_CRASH_REPORTER_PROCESS_TYPE = extensionHost
# environment
VSCODE_CWD = C:\Users\World\AppData\Local\Programs\Microsoft VS Code
# environment
SYSTEMROOT = C:\WINDOWS
# makefile (from 'vex/mkenv.mk', line 105)
LIBS = --start-group -lv5rt -lstdc++ -lc -lm -lgcc --end-group
# makefile (from 'makefile', line 4)
VERBOSE = 0
# environment
PROCESSOR_LEVEL = 6
# environment
PSMODULEPATH = C:\Program Files\WindowsPowerShell\Modules;C:\WINDOWS\system32\WindowsPowerShell\v1.0\Modules
# default
MAKE_COMMAND := make.exe
# automatic
@D = $(patsubst %/,%,$(patsubst %\,%,$(dir $@)))
# environment
CHROME_CRASHPAD_PIPE_NAME = \\.\pipe\crashpad_85524_BSAUNKSSTWLKXDPW
# makefile (from 'vex/mkenv.mk', line 56)
Q = @
# environment
FPS_BROWSER_USER_PROFILE_STRING = Default
# environment
VSCODE_HANDLES_UNCAUGHT_ERRORS = true
# default
.VARIABLES := 
# automatic
%D = $(patsubst %/,%,$(patsubst %\,%,$(dir $%)))
# makefile (from 'makefile', line 18)
SRC_H = $(wildcard include/*.h)
# automatic
^D = $(patsubst %/,%,$(patsubst %\,%,$(dir $^)))
# automatic
%F = $(notdir $%)
#  
environment
VSCODE_CODE_CACHE_PATH = C:\Users\World\AppData\Roaming\Code\CachedData\38c31bc77e0dd6ae88a4e9cc93428cc27a56ba40
# environment
LANG = C
# default
.LOADED := 
# environment
TMP = C:\Users\World\AppData\Local\Temp
# default
.INCLUDE_DIRS := 
# makefile
MAKEFLAGS = pqrR
# makefile (from 'vex/mkenv.mk', line 21)
PROJECT := 24-Interview-1
# environment
ONEDRIVE = C:\Users\World\OneDrive
# makefile
CURDIR := c:/Users/World/Desktop/ssh-first/24-Interview-1
# makefile (from 'vex/mkenv.mk', line 92)
CFLAGS_CL = -target thumbv7-none-eabi -fshort-enums -Wno-unknown-attributes -U__INT32_TYPE__ -U__UINT32_TYPE__ -D__INT32_TYPE__=long -D__UINT32_TYPE__='unsigned long' 
# makefile (from 'vex/mkenv.mk', line 76)
RMDIR = rmdir /S /Q
# environment
APPLICATION_INSIGHTS_NO_DIAGNOSTIC_CHANNEL = true
# environment
VSCODE_L10N_BUNDLE_LOCATION = file:///c%3A/Users/World/.vscode/extensions/ms-ceintl.vscode-language-pack-zh-hans-1.93.2024091109/translations/extensions/vscode.json-language-features.i18n.json
# automatic
*D = $(patsubst %/,%,$(patsubst %\,%,$(dir $*)))
# environment
PROGRAMFILES = C:\Program Files
# environment
MFLAGS = -pqrR
# default
.SHELLFLAGS := -c
# environment
COMMONPROGRAMW6432 = C:\Program Files\Common Files
# makefile (from 'vex/mkenv.mk', line 93)
CFLAGS_V7 = -march=armv7-a -mfpu=neon -mfloat-abi=softfp
# automatic
+D = $(patsubst %/,%,$(patsubst %\,%,$(dir $+)))
# makefile (from 'vex/mkrules.mk', line 1)
MAKEFILE_LIST := makefile vex/mkenv.mk vex/mkrules.mk
# makefile (from 'vex/mkenv.mk', line 6)
sq = $(subst $(sp),?,$1)
# makefile (from 'vex/mkenv.mk', line 89)
TOOL_LIB = -L"$(VEX_SDK_PATH)/$(PLATFORM)/gcc/libs"
# automatic
@F = $(notdir $@)
# environment
VSCODE_PID = 85524
# automatic
?D = $(patsubst %/,%,$(patsubst %\,%,$(dir $?)))
# automatic
*F = $(notdir $*)
# makefile (from 'vex/mkenv.mk', line 4)
sp = $() $()
# automatic
<D = $(patsubst %/,%,$(patsubst %\,%,$(dir $<)))
# makefile (from 'vex/mkenv.mk', line 9)
PLATFORM = vexv5
# environment
VSCODE_NLS_CONFIG = {"userLocale":"zh-cn","osLocale":"zh-cn","resolvedLanguage":"zh-cn","defaultMessagesFile":"C:\\Users\\World\\AppData\\Local\\Programs\\Microsoft VS Code\\resources\\app\\out\\nls.messages.json","languagePack":{"translationsConfigFile":"C:\\Users\\World\\AppData\\Roaming\\Code\\clp\\0905e1ae6c2513c7305d70d7de495ac4.zh-cn\\tcf.json","messagesFile":"C:\\Users\\World\\AppData\\Roaming\\Code\\clp\\0905e1ae6c2513c7305d70d7de495ac4.zh-cn\\38c31bc77e0dd6ae88a4e9cc93428cc27a56ba40\\nls.messages.json","corruptMarkerFile":"C:\\Users\\World\\AppData\\Roaming\\Code\\clp\\0905e1ae6c2513c7305d70d7de495ac4.zh-cn\\corrupted.info"},"locale":"zh-cn","availableLanguages":{"*":"zh-cn"},"_languagePackId":"0905e1ae6c2513c7305d70d7de495ac4.zh-cn","_languagePackSupport":true,"_translationsConfigFile":"C:\\Users\\World\\AppData\\Roaming\\Code\\clp\\0905e1ae6c2513c7305d70d7de495ac4.zh-cn\\tcf.json","_cacheRoot":"C:\\Users\\World\\AppData\\Roaming\\Code\\clp\\0905e1ae6c2513c7305d70d7de495ac4.zh-cn","_resolvedLanguagePackCoreLocation":"C:\\Users\\World\\AppData\\Roaming\\Code\\clp\\0905e1ae6c2513c7305d70d7de495ac4.zh-cn\\38c31bc77e0dd6ae88a4e9cc93428cc27a56ba40","_corruptedFile":"C:\\Users\\World\\AppData\\Roaming\\Code\\clp\\0905e1ae6c2513c7305d70d7de495ac4.zh-cn\\corrupted.info"}
# makefile (from 'vex/mkenv.mk', line 88)
TOOL_INC = -I"$(VEX_SDK_PATH)/$(PLATFORM)/clang/$(HEADERS)/include" -I"$(VEX_SDK_PATH)/$(PLATFORM)/gcc/include/c++/4.9.3"  -I"$(VEX_SDK_PATH)/$(PLATFORM)/gcc/include/c++/4.9.3/arm-none-eabi/armv7-ar/thumb" -I"$(VEX_SDK_PATH)/$(PLATFORM)/gcc/include"
# default
MAKE_HOST := x86_64-w64-mingw32
# environment
PROGRAMDATA = C:\ProgramData
# makefile (from 'vex/mkenv.mk', line 74)
SHELL = cmd.exe
# environment
HOMEPATH = \Users\World
# default
MAKECMDGOALS := all
# makefile (from 'vex/mkenv.mk', line 14)
HEADERS = 8.0.0
# makefile (from 'vex/mkenv.mk', line 69)
DEFINES = -DVexV5
# makefile (from 'vex/mkenv.mk', line 102)
ARCH_FLAGS = rcs
# environment
DRIVERDATA = C:\Windows\System32\Drivers\DriverData
# environment
COMSPEC = C:\WINDOWS\system32\cmd.exe
# environment
WINDIR = C:\WINDOWS
# environment
MAKELEVEL := 0
# makefile (from 'vex/mkenv.mk', line 75)
MKDIR = md "$(@D)" 2> nul || :
# default
MAKE = $(MAKE_COMMAND)
# environment
PATH = C:\WINDOWS\system32;C:\WINDOWS;C:\WINDOWS\System32\Wbem;C:\WINDOWS\System32\WindowsPowerShell\v1.0\;C:\WINDOWS\System32\OpenSSH\;C:\Program Files (x86)\NVIDIA Corporation\PhysX\Common;C:\Program Files\NVIDIA Corporation\NVIDIA NvDLISR;D:\Program Files\MATLAB\R2024a\bin;D:\Program Files\Git\cmd;D:\mingw64\bin;C:\Users\World\AppData\Local\Microsoft\WindowsApps;C:\Users\World\AppData\Local\Programs\Microsoft VS Code\bin
# environment
ZES_ENABLE_SYSMAN = 1
# environment
COMPUTERNAME = BENSPW
# default
MAKEFILES := 
# automatic
^F = $(notdir $^)
# environment
PROMPT = $P$G
# environment
LOGONSERVER = \\BENSPW
# environment
USERNAME = World
# makefile (from 'vex/mkenv.mk', line 65)
SIZE = arm-none-eabi-size
# environment
COMMONPROGRAMFILES = C:\Program Files\Common Files
# automatic
?F = $(notdir $?)
# makefile (from 'vex/mkenv.mk', line 110)
INC = $(addprefix -I, ${INC_F}) -I"$(VEX_SDK_PATH)/$(PLATFORM)/include" ${TOOL_INC}
# environment
PROGRAMW6432 = C:\Program Files
# makefile (from 'vex/mkenv.mk', line 101)
PROJECTLIB = lib$(PROJECT)
# environment
PATHEXT = .COM;.EXE;.BAT;.CMD;.VBS;.VBE;.JS;.JSE;.WSF;.WSH;.MSC
# automatic
+F = $(notdir $+)
# environment
ORIGINAL_XDG_CURRENT_DESKTOP = undefined
# environment
USERDOMAIN = BENSPW
# 'override' directive
GNUMAKEFLAGS := 
# environment
OS = Windows_NT
# makefile (from 'vex/mkenv.mk', line 5)
qs = $(subst ?, ,$1)
# makefile (from 'vex/mkenv.mk', line 77)
CLEAN = $(RMDIR) $(BUILD) 2> nul || :
# makefile
.DEFAULT_GOAL := all
# makefile (from 'vex/mkenv.mk', line 67)
ARCH = arm-none-eabi-ar
# makefile (from 'vex/mkenv.mk', line 68)
ECHO = @echo
# default
MAKE_VERSION := 4.4.1
# environment
EFC_63940 = 1
# environment
PROGRAMFILES(X86) = C:\Program Files (x86)
# makefile (from 'vex/mkenv.mk', line 10)
BUILD = build
# environment
USERDOMAIN_ROAMINGPROFILE = BENSPW
# environment
NUMBER_OF_PROCESSORS = 32
# environment
PUBLIC = C:\Users\Public
# makefile (from 'vex/mkenv.mk', line 95)
CXX_FLAGS = ${CFLAGS_CL} ${CFLAGS_V7} -Os -Wall -Werror=return-type -fno-rtti -fno-threadsafe-statics -fno-exceptions  -std=gnu++11 -ffunction-sections -fdata-sections $(DEFINES)
# makefile (from 'makefile', line 24)
INC_F = include
# environment
APPDATA = C:\Users\World\AppData\Roaming
# makefile (from 'vex/mkenv.mk', line 94)
CFLAGS = ${CFLAGS_CL} ${CFLAGS_V7} -Os -Wall -Werror=return-type -ansi -std=gnu99 $(DEFINES)
# environment
HOMEDRIVE = C:
# environment
PROCESSOR_ARCHITECTURE = AMD64
# environment
VSCODE_AMD_ENTRYPOINT = vs/workbench/api/node/extensionHostProcess
# environment
COMMONPROGRAMFILES(X86) = C:\Program Files (x86)\Common Files
# makefile (from 'vex/mkenv.mk', line 51)
BUILD_VERBOSE = $(VERBOSE)
# makefile (from 'vex/mkenv.mk', line 35)
VEX_SDK_PATH = ${HOME}/sdk
# environment
ELECTRON_RUN_AS_NODE = 1
# environment
TEMP = C:\Users\World\AppData\Local\Temp
# environment
VSCODE_IPC_HOOK = \\.\pipe\dd0a9aca-1.93.1-main-sock
# makefile (from 'vex/mkenv.mk', line 98)
LNK_FLAGS = -nostdlib -T "$(VEX_SDK_PATH)/$(PLATFORM)/lscript.ld" -R "$(VEX_SDK_PATH)/$(PLATFORM)/stdlib_0.lib" -Map="$(BUILD)/$(PROJECT).map" --gc-section -L"$(VEX_SDK_PATH)/$(PLATFORM)" ${TOOL_LIB}
# default
.RECIPEPREFIX := 
# automatic
<F = $(notdir $<)
# default
SUFFIXES := 
# environment
ALLUSERSPROFILE = C:\ProgramData
# environment
SESSIONNAME = Console
# default
.FEATURES := target-specific order-only second-expansion else-if shortest-stem undefine oneshell nocomment grouped-target extra-prereqs notintermediate shell-export archives jobserver output-sync dospaths
# environment
PROCESSOR_REVISION = b701
# makefile (from 'vex/mkenv.mk', line 63)
CXX = clang
# makefile (from 'vex/mkenv.mk', line 62)
CC = clang
# makefile (from 'vex/mkenv.mk', line 64)
OBJCOPY = arm-none-eabi-objcopy
# environment
PROCESSOR_IDENTIFIER = Intel64 Family 6 Model 183 Stepping 1, GenuineIntel
# variable set hash-table stats:
# Load=130/1024=13%, Rehash=0, Collisions=22/246=9%

# Pattern-specific Variable Values

# No pattern-specific variable values.

# Directories

# src/controller.cpp (key c:/Users/World/Desktop/ssh-first/24-Interview-1/src/controller.cpp, mtime 1727445025): could not be opened.
# src/position.cpp (key c:/Users/World/Desktop/ssh-first/24-Interview-1/src/position.cpp, mtime 1727445025): could not be opened.
# src/geometry.cpp (key c:/Users/World/Desktop/ssh-first/24-Interview-1/src/geometry.cpp, mtime 1727445025): could not be opened.
# src/usercontrol.cpp (key c:/Users/World/Desktop/ssh-first/24-Interview-1/src/usercontrol.cpp, mtime 1727445025): could not be opened.
# src/chassis.cpp (key c:/Users/World/Desktop/ssh-first/24-Interview-1/src/chassis.cpp, mtime 1727445025): could not be opened.
# src/my-timer.cpp (key c:/Users/World/Desktop/ssh-first/24-Interview-1/src/my-timer.cpp, mtime 1727445025): could not be opened.
# src/calc.cpp (key c:/Users/World/Desktop/ssh-first/24-Interview-1/src/calc.cpp, mtime 1727445025): could not be opened.
# include (key c:/Users/World/Desktop/ssh-first/24-Interview-1/include, mtime 1727445025): 16 files, no impossibilities.
# src/main.cpp (key c:/Users/World/Desktop/ssh-first/24-Interview-1/src/main.cpp, mtime 1727445025): could not be opened.
# src/basic-functions.cpp (key c:/Users/World/Desktop/ssh-first/24-Interview-1/src/basic-functions.cpp, mtime 1727445025): could not be opened.
# src (key c:/Users/World/Desktop/ssh-first/24-Interview-1/src, mtime 1727445025): 15 files, no impossibilities.
# src/robot-config.cpp (key c:/Users/World/Desktop/ssh-first/24-Interview-1/src/robot-config.cpp, mtime 1727445025): could not be opened.
# . (key c:/Users/World/Desktop/ssh-first/24-Interview-1, mtime 1727479776): 14 files, no impossibilities.
# src/debugger.cpp (key c:/Users/World/Desktop/ssh-first/24-Interview-1/src/debugger.cpp, mtime 1727445025): could not be opened.
# src/auto-functions.cpp (key c:/Users/World/Desktop/ssh-first/24-Interview-1/src/auto-functions.cpp, mtime 1727445025): could not be opened.
# src/PID.cpp (key c:/Users/World/Desktop/ssh-first/24-Interview-1/src/PID.cpp, mtime 1727479961): could not be opened.

# 45 files, no impossibilities in 16 directories.

# Implicit Rules

build/%.o: %.c include/PID.h include/auto-functions.h include/basic-functions.h include/calc.h include/chassis.h include/controller.h include/debugger.h include/geometry.h include/my-timer.h include/parameters.h include/position.h include/robot-config.h include/usercontrol.h include/vex.h
#  recipe to execute (from 'vex/mkrules.mk', line 5):
	$(Q)$(MKDIR)
	$(ECHO) "CC  $<"
	$(Q)$(CC) $(CFLAGS) $(INC) -c -o $@ $<
	

build/%.o: %.cpp include/PID.h include/auto-functions.h include/basic-functions.h include/calc.h include/chassis.h include/controller.h include/debugger.h include/geometry.h include/my-timer.h include/parameters.h include/position.h include/robot-config.h include/usercontrol.h include/vex.h makefile
#  recipe to execute (from 'vex/mkrules.mk', line 11):
	$(Q)$(MKDIR)
	$(ECHO) "CXX $<"
	$(Q)$(CXX) $(CXX_FLAGS) $(INC) -c -o $@ $<
	

# 2 implicit rules, 0 (0.0%) terminal.
# Files

# Not a target:
include/parameters.h:
#  Implicit rule search has been done.
#  File is secondary (prerequisite of .SECONDARY).
#  Last modified 2024-09-27 21:50:25
#  File has been updated.
#  Successfully updated.

build/src/PID.o: src/PID.cpp include/PID.h include/auto-functions.h include/basic-functions.h include/calc.h include/chassis.h include/controller.h include/debugger.h include/geometry.h include/my-timer.h include/parameters.h include/position.h include/robot-config.h include/usercontrol.h include/vex.h makefile
#  Implicit rule search has been done.
#  Implicit/static pattern stem: 'src/PID'
#  File does not exist.
#  File has been updated.
#  Needs to be updated (-q is set).
# automatic
# @ := build/src/PID.o
# automatic
# * := src/PID
# automatic
# < := src/PID.cpp
# automatic
# + := src/PID.cpp include/PID.h include/auto-functions.h include/basic-functions.h include/calc.h include/chassis.h include/controller.h include/debugger.h include/geometry.h include/my-timer.h include/parameters.h include/position.h include/robot-config.h include/usercontrol.h include/vex.h makefile
# automatic
# % := 
# automatic
# ^ := src/PID.cpp include/PID.h include/auto-functions.h include/basic-functions.h include/calc.h include/chassis.h include/controller.h include/debugger.h include/geometry.h include/my-timer.h include/parameters.h include/position.h include/robot-config.h include/usercontrol.h include/vex.h makefile
# automatic
# ? := src/PID.cpp include/PID.h include/auto-functions.h include/basic-functions.h include/calc.h include/chassis.h include/controller.h include/debugger.h include/geometry.h include/my-timer.h include/parameters.h include/position.h include/robot-config.h include/usercontrol.h include/vex.h makefile
# automatic
# | := 
# variable set hash-table stats:
# Load=8/32=25%, Rehash=0, Collisions=20/44=45%
#  recipe to execute (from 'vex/mkrules.mk', line 11):
	$(Q)$(MKDIR)
	$(ECHO) "CXX $<"
	$(Q)$(CXX) $(CXX_FLAGS) $(INC) -c -o $@ $<
	

# Not a target:
include/PID.h:
#  Implicit rule search has been done.
#  File is secondary (prerequisite of .SECONDARY).
#  Last modified 2024-09-27 21:50:25
#  File has been updated.
#  Successfully updated.

build/lib24-Interview-1.a: build/src/PID.o build/src/auto-functions.o build/src/basic-functions.o build/src/calc.o build/src/chassis.o build/src/controller.o build/src/debugger.o build/src/geometry.o build/src/main.o build/src/my-timer.o build/src/position.o build/src/robot-config.o build/src/usercontrol.o
#  Implicit rule search has not been done.
#  Modification time never checked.
#  File has not been updated.
#  recipe to execute (from 'vex/mkrules.mk', line 27):
	$(Q)$(ARCH) $(ARCH_FLAGS) $@ $^

# Not a target:
include/geometry.h:
#  Implicit rule search has been done.
#  File is secondary (prerequisite of .SECONDARY).
#  Last modified 2024-09-27 21:50:25
#  File has been updated.
#  Successfully updated.

# Not a target:
vex/mkrules.mk:
#  Implicit rule search has been done.
#  File is secondary (prerequisite of .SECONDARY).
#  Last modified 2024-09-27 21:50:25
#  File has been updated.
#  Successfully updated.

# Not a target:
include/basic-functions.h:
#  Implicit rule search has been done.
#  File is secondary (prerequisite of .SECONDARY).
#  Last modified 2024-09-27 21:50:25
#  File has been updated.
#  Successfully updated.

# Not a target:
build/src/chassis.o:
#  Implicit rule search has not been done.
#  Modification time never checked.
#  File has not been updated.

# Not a target:
build/src/geometry.o:
#  Implicit rule search has not been done.
#  Modification time never checked.
#  File has not been updated.

# Not a target:
build/src/my-timer.o:
#  Implicit rule search has not been done.
#  Modification time never checked.
#  File has not been updated.

# Not a target:
include/chassis.h:
#  Implicit rule search has been done.
#  File is secondary (prerequisite of .SECONDARY).
#  Last modified 2024-09-27 21:50:25
#  File has been updated.
#  Successfully updated.

# Not a target:
include/debugger.h:
#  Implicit rule search has been done.
#  File is secondary (prerequisite of .SECONDARY).
#  Last modified 2024-09-27 21:50:25
#  File has been updated.
#  Successfully updated.

# Not a target:
include/controller.h:
#  Implicit rule search has been done.
#  File is secondary (prerequisite of .SECONDARY).
#  Last modified 2024-09-27 21:50:25
#  File has been updated.
#  Successfully updated.

# Not a target:
build/src/debugger.o:
#  Implicit rule search has not been done.
#  Modification time never checked.
#  File has not been updated.

clean:
#  Implicit rule search has not been done.
#  Modification time never checked.
#  File has not been updated.
#  recipe to execute (from 'vex/mkrules.mk', line 31):
	$(info clean project)
	$(Q)$(CLEAN)

# Not a target:
build/src/robot-config.o:
#  Implicit rule search has not been done.
#  Modification time never checked.
#  File has not been updated.

# Not a target:
src/PID.cpp:
#  Implicit rule search has been done.
#  File is secondary (prerequisite of .SECONDARY).
#  Last modified 2024-09-28 07:32:41
#  File has been updated.
#  Successfully updated.

build/24-Interview-1.bin: build/24-Interview-1.elf
#  Implicit rule search has not been done.
#  File does not exist.
#  File has been updated.
#  Needs to be updated (-q is set).
# variable set hash-table stats:
# Load=0/32=0%, Rehash=0, Collisions=0/32=0%
#  recipe to execute (from 'vex/mkrules.mk', line 23):
	$(Q)$(OBJCOPY) -O binary $(BUILD)/$(PROJECT).elf $(BUILD)/$(PROJECT).bin

# Not a target:
build/src/controller.o:
#  Implicit rule search has not been done.
#  Modification time never checked.
#  File has not been updated.

# Not a target:
.DEFAULT:
#  Implicit rule search has not been done.
#  Modification time never checked.
#  File has not been updated.

# Not a target:
build/src/basic-functions.o:
#  Implicit rule search has not been done.
#  Modification time never checked.
#  File has not been updated.

# Not a target:
build/src/calc.o:
#  Implicit rule search has not been done.
#  Modification time never checked.
#  File has not been updated.

all: build/24-Interview-1.bin
#  Command line target.
#  Implicit rule search has been done.
#  File does not exist.
#  File has been updated.
#  Needs to be updated (-q is set).
# variable set hash-table stats:
# Load=0/32=0%, Rehash=0, Collisions=0/32=0%

# Not a target:
include/auto-functions.h:
#  Implicit rule search has been done.
#  File is secondary (prerequisite of .SECONDARY).
#  Last modified 2024-09-27 21:50:25
#  File has been updated.
#  Successfully updated.

# Not a target:
build/src/position.o:
#  Implicit rule search has not been done.
#  Modification time never checked.
#  File has not been updated.

# Not a target:
include/position.h:
#  Implicit rule search has been done.
#  File is secondary (prerequisite of .SECONDARY).
#  Last modified 2024-09-27 21:50:25
#  File has been updated.
#  Successfully updated.

# Not a target:
build/src/auto-functions.o:
#  Implicit rule search has not been done.
#  Modification time never checked.
#  File has not been updated.

# Not a target:
include/usercontrol.h:
#  Implicit rule search has been done.
#  File is secondary (prerequisite of .SECONDARY).
#  Last modified 2024-09-27 21:50:25
#  File has been updated.
#  Successfully updated.

# Not a target:
build/src/usercontrol.o:
#  Implicit rule search has not been done.
#  Modification time never checked.
#  File has not been updated.

build/24-Interview-1.elf: build/src/PID.o build/src/auto-functions.o build/src/basic-functions.o build/src/calc.o build/src/chassis.o build/src/controller.o build/src/debugger.o build/src/geometry.o build/src/main.o build/src/my-timer.o build/src/position.o build/src/robot-config.o build/src/usercontrol.o
#  Implicit rule search has not been done.
#  File does not exist.
#  File has been updated.
#  Needs to be updated (-q is set).
# variable set hash-table stats:
# Load=0/32=0%, Rehash=0, Collisions=0/32=0%
#  recipe to execute (from 'vex/mkrules.mk', line 17):
	$(ECHO) "LINK $@"
	$(Q)$(LINK) $(LNK_FLAGS) -o $@ $^ $(LIBS)
	$(Q)$(SIZE) $@

# Not a target:
makefile:
#  Implicit rule search has been done.
#  File is secondary (prerequisite of .SECONDARY).
#  Last modified 2024-09-27 21:50:25
#  File has been updated.
#  Successfully updated.

# Not a target:
include/robot-config.h:
#  Implicit rule search has been done.
#  File is secondary (prerequisite of .SECONDARY).
#  Last modified 2024-09-27 21:50:25
#  File has been updated.
#  Successfully updated.

# Not a target:
build/src/main.o:
#  Implicit rule search has not been done.
#  Modification time never checked.
#  File has not been updated.

# Not a target:
include/vex.h:
#  Implicit rule search has been done.
#  File is secondary (prerequisite of .SECONDARY).
#  Last modified 2024-09-27 21:50:25
#  File has been updated.
#  Successfully updated.

# Not a target:
vex/mkenv.mk:
#  Implicit rule search has been done.
#  File is secondary (prerequisite of .SECONDARY).
#  Last modified 2024-09-27 21:50:25
#  File has been updated.
#  Successfully updated.

# Not a target:
include/my-timer.h:
#  Implicit rule search has been done.
#  File is secondary (prerequisite of .SECONDARY).
#  Last modified 2024-09-27 21:50:25
#  File has been updated.
#  Successfully updated.

# Not a target:
include/calc.h:
#  Implicit rule search has been done.
#  File is secondary (prerequisite of .SECONDARY).
#  Last modified 2024-09-27 21:50:25
#  File has been updated.
#  Successfully updated.

# files hash-table stats:
# Load=38/1024=4%, Rehash=0, Collisions=3/115=3%
# VPATH Search Paths

# No 'vpath' search paths.

# No general ('VPATH' variable) search path.

# strcache buffers: 1 (0) / strings = 95 / storage = 1405 B / avg = 14 B
# current buf: size = 8162 B / used = 1405 B / count = 95 / avg = 14 B

# strcache performance: lookups = 175 / hit rate = 45%
# hash-table stats:
# Load=95/8192=1%, Rehash=0, Collisions=1/175=1%
# Finished Make data base on Sat Sep 28 07:36:13 2024

 
